The system is: Linux - 3.13.0-32-generic - x86_64
Compiling the C compiler identification source file "CMakeCCompilerId.c" succeeded.
Compiler: /usr/bin/cc 
Build flags: 
Id flags: 

The output was:
0


Compilation of the C compiler identification source "CMakeCCompilerId.c" produced "a.out"

The C compiler identification is GNU, found in "/home/xduser/lihuan/densecrf_lib/build/CMakeFiles/2.8.12.2/CompilerIdC/a.out"

Compiling the CXX compiler identification source file "CMakeCXXCompilerId.cpp" succeeded.
Compiler: /usr/bin/c++ 
Build flags: 
Id flags: 

The output was:
0


Compilation of the CXX compiler identification source "CMakeCXXCompilerId.cpp" produced "a.out"

The CXX compiler identification is GNU, found in "/home/xduser/lihuan/densecrf_lib/build/CMakeFiles/2.8.12.2/CompilerIdCXX/a.out"

Determining if the C compiler works passed with the following output:
Change Dir: /home/xduser/lihuan/densecrf_lib/build/CMakeFiles/CMakeTmp

Run Build Command:/usr/bin/make "cmTryCompileExec1394036662/fast"
/usr/bin/make -f CMakeFiles/cmTryCompileExec1394036662.dir/build.make CMakeFiles/cmTryCompileExec1394036662.dir/build
make[1]: 正在进入目录 `/home/xduser/lihuan/densecrf_lib/build/CMakeFiles/CMakeTmp'
/usr/bin/cmake -E cmake_progress_report /home/xduser/lihuan/densecrf_lib/build/CMakeFiles/CMakeTmp/CMakeFiles 1
Building C object CMakeFiles/cmTryCompileExec1394036662.dir/testCCompiler.c.o
/usr/bin/cc    -o CMakeFiles/cmTryCompileExec1394036662.dir/testCCompiler.c.o   -c /home/xduser/lihuan/densecrf_lib/build/CMakeFiles/CMakeTmp/testCCompiler.c
Linking C executable cmTryCompileExec1394036662
/usr/bin/cmake -E cmake_link_script CMakeFiles/cmTryCompileExec1394036662.dir/link.txt --verbose=1
/usr/bin/cc       CMakeFiles/cmTryCompileExec1394036662.dir/testCCompiler.c.o  -o cmTryCompileExec1394036662 -rdynamic 
make[1]:正在离开目录 `/home/xduser/lihuan/densecrf_lib/build/CMakeFiles/CMakeTmp'


Detecting C compiler ABI info compiled with the following output:
Change Dir: /home/xduser/lihuan/densecrf_lib/build/CMakeFiles/CMakeTmp

Run Build Command:/usr/bin/make "cmTryCompileExec3481301830/fast"
/usr/bin/make -f CMakeFiles/cmTryCompileExec3481301830.dir/build.make CMakeFiles/cmTryCompileExec3481301830.dir/build
make[1]: 正在进入目录 `/home/xduser/lihuan/densecrf_lib/build/CMakeFiles/CMakeTmp'
/usr/bin/cmake -E cmake_progress_report /home/xduser/lihuan/densecrf_lib/build/CMakeFiles/CMakeTmp/CMakeFiles 1
Building C object CMakeFiles/cmTryCompileExec3481301830.dir/CMakeCCompilerABI.c.o
/usr/bin/cc    -o CMakeFiles/cmTryCompileExec3481301830.dir/CMakeCCompilerABI.c.o   -c /usr/share/cmake-2.8/Modules/CMakeCCompilerABI.c
Linking C executable cmTryCompileExec3481301830
/usr/bin/cmake -E cmake_link_script CMakeFiles/cmTryCompileExec3481301830.dir/link.txt --verbose=1
/usr/bin/cc     -v CMakeFiles/cmTryCompileExec3481301830.dir/CMakeCCompilerABI.c.o  -o cmTryCompileExec3481301830 -rdynamic  
Using built-in specs.
COLLECT_GCC=/usr/bin/cc
COLLECT_LTO_WRAPPER=/usr/lib/gcc/x86_64-linux-gnu/4.8/lto-wrapper
Target: 